# JRE version: Java(TM) SE Runtime Environment (19.0.2+7) (build 19.0.2+7-44)
# Java VM: Java HotSpot(TM) 64-Bit Server VM (19.0.2+7-44, mixed mode, sharing, tiered, compressed oops, compressed class ptrs, g1 gc, windows-amd64)
GC Precious Log:
 CardTable entry size: 512
 Card Set container configuration: InlinePtr #cards 5 size 8 Array Of Cards #cards 12 size 40 Howl #buckets 4 coarsen threshold 1843 Howl Bitmap #cards 512 size 80 coarsen threshold 460 Card regions per heap region 1 cards per card region 2048
 CPUs: 4 total, 4 available
 Memory: 3915M
 Large Page Support: Disabled
 NUMA Support: Disabled
 Compressed Oops: Enabled (32-bit)
 Heap Region Size: 1M
 Heap Min Capacity: 8M
 Heap Initial Capacity: 62M
 Heap Max Capacity: 980M
 Pre-touch: Disabled
 Parallel Workers: 4
 Concurrent Workers: 1
 Concurrent Refinement Workers: 4
 Periodic GC: Disabled
Heap:
 garbage-first heap   total 78848K, used 49602K [0x00000000c2c00000, 0x0000000100000000)
  region size 1024K, 7 young (7168K), 1 survivors (1024K)
 Metaspace       used 11812K, committed 12032K, reserved 1114112K
  class space    used 1295K, committed 1408K, reserved 1048576K
GC Heap History (12 events):
Event: 3.680 GC heap before
{Heap before GC invocations=0 (full 0):
 garbage-first heap   total 63488K, used 33792K [0x00000000c2c00000, 0x0000000100000000)
  region size 1024K, 13 young (13312K), 0 survivors (0K)
 Metaspace       used 5364K, committed 5632K, reserved 1114112K
  class space    used 548K, committed 704K, reserved 1048576K
}
Event: 3.685 GC heap after
{Heap after GC invocations=1 (full 0):
 garbage-first heap   total 63488K, used 23976K [0x00000000c2c00000, 0x0000000100000000)
  region size 1024K, 2 young (2048K), 2 survivors (2048K)
 Metaspace       used 5364K, committed 5632K, reserved 1114112K
  class space    used 548K, committed 704K, reserved 1048576K
}
Event: 4.022 GC heap before
{Heap before GC invocations=1 (full 0):
 garbage-first heap   total 63488K, used 37288K [0x00000000c2c00000, 0x0000000100000000)
  region size 1024K, 16 young (16384K), 2 survivors (2048K)
 Metaspace       used 5368K, committed 5632K, reserved 1114112K
  class space    used 549K, committed 704K, reserved 1048576K
}
Event: 4.027 GC heap after
{Heap after GC invocations=2 (full 0):
 garbage-first heap   total 63488K, used 24190K [0x00000000c2c00000, 0x0000000100000000)
  region size 1024K, 1 young (1024K), 1 survivors (1024K)
 Metaspace       used 5368K, committed 5632K, reserved 1114112K
  class space    used 549K, committed 704K, reserved 1048576K
}
Event: 4.170 GC heap before
{Heap before GC invocations=2 (full 0):
 garbage-first heap   total 63488K, used 25214K [0x00000000c2c00000, 0x0000000100000000)
  region size 1024K, 3 young (3072K), 1 survivors (1024K)
 Metaspace       used 5370K, committed 5632K, reserved 1114112K
  class space    used 549K, committed 704K, reserved 1048576K
}
Event: 4.173 GC heap after
{Heap after GC invocations=3 (full 0):
 garbage-first heap   total 63488K, used 24096K [0x00000000c2c00000, 0x0000000100000000)
  region size 1024K, 1 young (1024K), 1 survivors (1024K)
 Metaspace       used 5370K, committed 5632K, reserved 1114112K
  class space    used 549K, committed 704K, reserved 1048576K
}
Event: 6.003 GC heap before
{Heap before GC invocations=3 (full 0):
 garbage-first heap   total 63488K, used 38432K [0x00000000c2c00000, 0x0000000100000000)
  region size 1024K, 9 young (9216K), 1 survivors (1024K)
 Metaspace       used 6765K, committed 6976K, reserved 1114112K
  class space    used 714K, committed 832K, reserved 1048576K
}
Event: 6.006 GC heap after
{Heap after GC invocations=4 (full 0):
 garbage-first heap   total 63488K, used 31425K [0x00000000c2c00000, 0x0000000100000000)
  region size 1024K, 1 young (1024K), 1 survivors (1024K)
 Metaspace       used 6765K, committed 6976K, reserved 1114112K
  class space    used 714K, committed 832K, reserved 1048576K
}
Event: 17.883 GC heap before
{Heap before GC invocations=5 (full 0):
 garbage-first heap   total 70656K, used 46785K [0x00000000c2c00000, 0x0000000100000000)
  region size 1024K, 9 young (9216K), 1 survivors (1024K)
 Metaspace       used 9557K, committed 9728K, reserved 1114112K
  class space    used 1085K, committed 1152K, reserved 1048576K
}
Event: 17.885 GC heap after
{Heap after GC invocations=6 (full 0):
 garbage-first heap   total 70656K, used 40386K [0x00000000c2c00000, 0x0000000100000000)
  region size 1024K, 1 young (1024K), 1 survivors (1024K)
 Metaspace       used 9557K, committed 9728K, reserved 1114112K
  class space    used 1085K, committed 1152K, reserved 1048576K
}
Event: 17.959 GC heap before
{Heap before GC invocations=7 (full 0):
 garbage-first heap   total 76800K, used 46530K [0x00000000c2c00000, 0x0000000100000000)
  region size 1024K, 5 young (5120K), 1 survivors (1024K)
 Metaspace       used 9557K, committed 9728K, reserved 1114112K
  class space    used 1085K, committed 1152K, reserved 1048576K
}
Event: 17.961 GC heap after
{Heap after GC invocations=8 (full 0):
 garbage-first heap   total 76800K, used 44482K [0x00000000c2c00000, 0x0000000100000000)
  region size 1024K, 1 young (1024K), 1 survivors (1024K)
 Metaspace       used 9557K, committed 9728K, reserved 1114112K
  class space    used 1085K, committed 1152K, reserved 1048576K
}

